0 info it worked if it ends with ok
1 verbose cli [ 'node', '/usr/local/bin/npm', 'start' ]
2 info using npm@2.13.1
3 info using node@v0.12.0
4 verbose node symlink /usr/local/bin/node
5 verbose run-script [ 'prestart', 'start', 'poststart' ]
6 info prestart squaremeals@0.0.0
7 info start squaremeals@0.0.0
8 verbose unsafe-perm in lifecycle true
9 info squaremeals@0.0.0 Failed to exec start script
10 verbose stack Error: squaremeals@0.0.0 start: `node ./bin/www`
10 verbose stack Exit status 1
10 verbose stack     at EventEmitter.<anonymous> (/usr/local/lib/node_modules/npm/lib/utils/lifecycle.js:214:16)
10 verbose stack     at EventEmitter.emit (events.js:110:17)
10 verbose stack     at ChildProcess.<anonymous> (/usr/local/lib/node_modules/npm/lib/utils/spawn.js:24:14)
10 verbose stack     at ChildProcess.emit (events.js:110:17)
10 verbose stack     at maybeClose (child_process.js:1008:16)
10 verbose stack     at Process.ChildProcess._handle.onexit (child_process.js:1080:5)
11 verbose pkgid squaremeals@0.0.0
12 verbose cwd /Users/Alex/Git/squaremeals
13 error Darwin 15.2.0
14 error argv "node" "/usr/local/bin/npm" "start"
15 error node v0.12.0
16 error npm  v2.13.1
17 error code ELIFECYCLE
18 error squaremeals@0.0.0 start: `node ./bin/www`
18 error Exit status 1
19 error Failed at the squaremeals@0.0.0 start script 'node ./bin/www'.
19 error This is most likely a problem with the squaremeals package,
19 error not with npm itself.
19 error Tell the author that this fails on your system:
19 error     node ./bin/www
19 error You can get their info via:
19 error     npm owner ls squaremeals
19 error There is likely additional logging output above.
20 verbose exit [ 1, true ]
